[32mCommit Detected:[39m c:\Users\admin\weila\weila-work-unity
[42mDone[49m: [32mC:\Users\admin\Desktop\weila\weekly\CHANGELOG.29.md[39m
[32mCommit Detected:[39m c:\Users\admin\weila\network
[32mCommit Detected:[39m c:\Users\admin\weila\weila-work-unity
[42mDone[49m: [32mC:\Users\admin\Desktop\weila\weekly\CHANGELOG.29.md[39m
[33mNot find git commits[39m
[33mNot find git commits[39m
[33mNot find git commits[39m
[33mNot find git commits[39m
[33mNot find git commits[39m
[32mCommit Detected:[39m c:\Users\admin\weila\weila-corp-mgr-nuxt
[32mCommit Detected:[39m c:\Users\admin\weila\weila-corp-mgr-nuxt
[32mCommit Detected:[39m c:\Users\admin\weila\weila_life_mini
[32mCommit Detected:[39m c:\Users\admin\weila\js_weilasdk_lite
[32mCommit Detected:[39m c:\Users\admin\weila\weila_life_mini
[32mCommit Detected:[39m c:\Users\admin\weila\weila-corp-mgr-nuxt
[32mCommit Detected:[39m c:\Users\admin\weila\js_weilasdk_lite
[32mCommit Detected:[39m c:\Users\admin\weila\weila-corp-mgr-nuxt
[32mCommit Detected:[39m c:\Users\admin\weila\weila_life_mini
[32mCommit Detected:[39m c:\Users\admin\weila\weila_corp_mgr
[32mCommit Detected:[39m c:\Users\admin\weila\weila-crop-mgr
[32mCommit Detected:[39m c:\Users\admin\weila\js_weilasdk_lite
[32mCommit Detected:[39m c:\Users\admin\weila\weila-work-unity
[32mCommit Detected:[39m c:\Users\admin\weila\weila-corp-mgr-nuxt
[32mCommit Detected:[39m c:\Users\admin\weila\weila-corp-mgr-nuxt
[32mCommit Detected:[39m c:\Users\admin\weila\weila-corp-mgr-nuxt
[32mCommit Detected:[39m c:\Users\admin\weila\weila_life_mini
[32mCommit Detected:[39m c:\Users\admin\weila\network
[32mCommit Detected:[39m c:\Users\admin\weila\weila_corp_mgr
[32mCommit Detected:[39m c:\Users\admin\weila\weila-crop-mgr
[32mCommit Detected:[39m c:\Users\admin\weila\weila-corp-mgr-nuxt
[42mDone[49m: [32mC:\Users\admin\Desktop\weila\weekly\CHANGELOG.23.md[39m
[42mDone[49m: [32mC:\Users\admin\Desktop\weila\weekly\CHANGELOG.20.md[39m
[42mDone[49m: [32mC:\Users\admin\Desktop\weila\weekly\CHANGELOG.8.md[39m
[42mDone[49m: [32mC:\Users\admin\Desktop\weila\weekly\CHANGELOG.12.md[39m
[42mDone[49m: [32mC:\Users\admin\Desktop\weila\weekly\CHANGELOG.22.md[39m
[42mDone[49m: [32mC:\Users\admin\Desktop\weila\weekly\CHANGELOG.21.md[39m
[42mDone[49m: [32mC:\Users\admin\Desktop\weila\weekly\CHANGELOG.16.md[39m
[32mCommit Detected:[39m c:\Users\admin\weila\weila_corp_mgr
[42mDone[49m: [32mC:\Users\admin\Desktop\weila\weekly\CHANGELOG.13.md[39m
[42mDone[49m: [32mC:\Users\admin\Desktop\weila\weekly\CHANGELOG.3.md[39m
[42mDone[49m: [32mC:\Users\admin\Desktop\weila\weekly\CHANGELOG.1.md[39m
[32mCommit Detected:[39m c:\Users\admin\weila\weila-corp-mgr-nuxt
[32mCommit Detected:[39m c:\Users\admin\weila\network
[32mCommit Detected:[39m c:\Users\admin\weila\weila-crop-mgr
[32mCommit Detected:[39m c:\Users\admin\weila\lalife-mini
[32mCommit Detected:[39m c:\Users\admin\weila\weila-taxi-web
[32mCommit Detected:[39m c:\Users\admin\weila\weila_life_mini
[32mCommit Detected:[39m c:\Users\admin\weila\weila-work-unity
[32mCommit Detected:[39m c:\Users\admin\weila\weila_life_mini
[32mCommit Detected:[39m c:\workspace2\weila_account_manager
[32mCommit Detected:[39m c:\Users\admin\weila\weila_corp_mgr
[32mCommit Detected:[39m c:\Users\admin\weila\weila-work-unity
[42mDone[49m: [32mC:\Users\admin\Desktop\weila\weekly\CHANGELOG.2.md[39m
[42mDone[49m: [32mC:\Users\admin\Desktop\weila\weekly\CHANGELOG.11.md[39m
[42mDone[49m: [32mC:\Users\admin\Desktop\weila\weekly\CHANGELOG.26.md[39m
[42mDone[49m: [32mC:\Users\admin\Desktop\weila\weekly\CHANGELOG.18.md[39m
[42mDone[49m: [32mC:\Users\admin\Desktop\weila\weekly\CHANGELOG.29.md[39m
[42mDone[49m: [32mC:\Users\admin\Desktop\weila\weekly\CHANGELOG.9.md[39m
[42mDone[49m: [32mC:\Users\admin\Desktop\weila\weekly\CHANGELOG.25.md[39m
[42mDone[49m: [32mC:\Users\admin\Desktop\weila\weekly\CHANGELOG.27.md[39m
[32mCommit Detected:[39m c:\Users\admin\weila\weila-account-manager
[32mCommit Detected:[39m c:\Users\admin\weila\weila-work-unity
[32mCommit Detected:[39m c:\Users\admin\weila\weila_life_mini
[32mCommit Detected:[39m c:\workspace2\weila_account_manager
[32mCommit Detected:[39m c:\Users\admin\weila\weila-work-unity
[42mDone[49m: [32mC:\Users\admin\Desktop\weila\weekly\CHANGELOG.24.md[39m
[32mCommit Detected:[39m c:\Users\admin\weila\weila_corp_mgr
[42mDone[49m: [32mC:\Users\admin\Desktop\weila\weekly\CHANGELOG.7.md[39m
[32mCommit Detected:[39m c:\workspace2\weila_account_manager
[42mDone[49m: [32mC:\Users\admin\Desktop\weila\weekly\CHANGELOG.28.md[39m
[42mDone[49m: [32mC:\Users\admin\Desktop\weila\weekly\CHANGELOG.17.md[39m
[32mCommit Detected:[39m c:\Users\admin\weila\weila-work-unity
[42mDone[49m: [32mC:\Users\admin\Desktop\weila\weekly\CHANGELOG.15.md[39m
[42mDone[49m: [32mC:\Users\admin\Desktop\weila\weekly\CHANGELOG.19.md[39m
